
> foodapp@0.1.0 start
> react-scripts start

(node:72140) [DEP_WEBPACK_DEV_SERVER_ON_AFTER_SETUP_MIDDLEWARE] DeprecationWarning: 'onAfterSetupMiddleware' option is deprecated. Please use the 'setupMiddlewares' option.
(Use `node --trace-deprecation ...` to show where the warning was created)
(node:72140) [DEP_WEBPACK_DEV_SERVER_ON_BEFORE_SETUP_MIDDLEWARE] DeprecationWarning: 'onBeforeSetupMiddleware' option is deprecated. Please use the 'setupMiddlewares' option.
Starting the development server...

Failed to compile.

Module not found: Error: Can't resolve '@mui/material' in '/app/src/admin'
ERROR in ./src/admin/Analytics.js 6:0-119
Module not found: Error: Can't resolve '@mui/material' in '/app/src/admin'

ERROR in ./src/admin/Analytics.js 9:0-58
Module not found: Error: Can't resolve '@mui/icons-material/ArrowBack' in '/app/src/admin'

ERROR in ./src/admin/Dashboard.js 6:0-139
Module not found: Error: Can't resolve '@mui/material' in '/app/src/admin'

ERROR in ./src/admin/MyAppBar.js 6:0-48
Module not found: Error: Can't resolve '@mui/material' in '/app/src/admin'

ERROR in ./src/admin/foodItems.js 7:0-126
Module not found: Error: Can't resolve '@mui/material' in '/app/src/admin'

ERROR in ./src/admin/foodItems.js 8:0-52
Module not found: Error: Can't resolve '@mui/icons-material/Delete' in '/app/src/admin'

ERROR in ./src/admin/orders.js 7:0-89
Module not found: Error: Can't resolve '@mui/material' in '/app/src/admin'

ERROR in ./src/admin/orders.js 8:0-56
Module not found: Error: Can't resolve '@mui/icons-material/Schedule' in '/app/src/admin'

ERROR in ./src/admin/orders.js 9:0-66
Module not found: Error: Can't resolve '@mui/icons-material/LocalShipping' in '/app/src/admin'

ERROR in ./src/dataProvider.js 4:0-41
Module not found: Error: Can't resolve 'query-string' in '/app/src'

webpack compiled with 10 errors
