
> foodapp@0.1.0 start
> react-scripts start

(node:71780) [DEP_WEBPACK_DEV_SERVER_ON_AFTER_SETUP_MIDDLEWARE] DeprecationWarning: 'onAfterSetupMiddleware' option is deprecated. Please use the 'setupMiddlewares' option.
(Use `node --trace-deprecation ...` to show where the warning was created)
(node:71780) [DEP_WEBPACK_DEV_SERVER_ON_BEFORE_SETUP_MIDDLEWARE] DeprecationWarning: 'onBeforeSetupMiddleware' option is deprecated. Please use the 'setupMiddlewares' option.
Starting the development server...

Failed to compile.

Attempted import error: 'stringify' is not exported from 'query-string' (imported as 'stringify').
WARNING in ./node_modules/.pnpm/dompurify@3.4.1/node_modules/dompurify/dist/purify.es.mjs
Module Warning (from ./node_modules/.pnpm/source-map-loader@3.0.2_webpack@5.106.2/node_modules/source-map-loader/dist/cjs.js):
Failed to parse source map from '/app/node_modules/.pnpm/dompurify@3.4.1/node_modules/dompurify/src/attrs.ts' file: Error: ENOENT: no such file or directory, open '/app/node_modules/.pnpm/dompurify@3.4.1/node_modules/dompurify/src/attrs.ts'

WARNING in ./node_modules/.pnpm/dompurify@3.4.1/node_modules/dompurify/dist/purify.es.mjs
Module Warning (from ./node_modules/.pnpm/source-map-loader@3.0.2_webpack@5.106.2/node_modules/source-map-loader/dist/cjs.js):
Failed to parse source map from '/app/node_modules/.pnpm/dompurify@3.4.1/node_modules/dompurify/src/purify.ts' file: Error: ENOENT: no such file or directory, open '/app/node_modules/.pnpm/dompurify@3.4.1/node_modules/dompurify/src/purify.ts'

WARNING in ./node_modules/.pnpm/dompurify@3.4.1/node_modules/dompurify/dist/purify.es.mjs
Module Warning (from ./node_modules/.pnpm/source-map-loader@3.0.2_webpack@5.106.2/node_modules/source-map-loader/dist/cjs.js):
Failed to parse source map from '/app/node_modules/.pnpm/dompurify@3.4.1/node_modules/dompurify/src/regexp.ts' file: Error: ENOENT: no such file or directory, open '/app/node_modules/.pnpm/dompurify@3.4.1/node_modules/dompurify/src/regexp.ts'

WARNING in ./node_modules/.pnpm/dompurify@3.4.1/node_modules/dompurify/dist/purify.es.mjs
Module Warning (from ./node_modules/.pnpm/source-map-loader@3.0.2_webpack@5.106.2/node_modules/source-map-loader/dist/cjs.js):
Failed to parse source map from '/app/node_modules/.pnpm/dompurify@3.4.1/node_modules/dompurify/src/tags.ts' file: Error: ENOENT: no such file or directory, open '/app/node_modules/.pnpm/dompurify@3.4.1/node_modules/dompurify/src/tags.ts'

WARNING in ./node_modules/.pnpm/dompurify@3.4.1/node_modules/dompurify/dist/purify.es.mjs
Module Warning (from ./node_modules/.pnpm/source-map-loader@3.0.2_webpack@5.106.2/node_modules/source-map-loader/dist/cjs.js):
Failed to parse source map from '/app/node_modules/.pnpm/dompurify@3.4.1/node_modules/dompurify/src/utils.ts' file: Error: ENOENT: no such file or directory, open '/app/node_modules/.pnpm/dompurify@3.4.1/node_modules/dompurify/src/utils.ts'

ERROR in ./src/dataProvider.js 33:47-56
export 'stringify' (imported as 'stringify') was not found in 'query-string' (possible exports: default)

ERROR in ./src/dataProvider.js 63:47-56
export 'stringify' (imported as 'stringify') was not found in 'query-string' (possible exports: default)

ERROR in ./src/dataProvider.js 90:47-56
export 'stringify' (imported as 'stringify') was not found in 'query-string' (possible exports: default)

ERROR in ./src/dataProvider.js 145:53-62
export 'stringify' (imported as 'stringify') was not found in 'query-string' (possible exports: default)

webpack compiled with 4 errors and 5 warnings
Compiling...
Failed to compile.

[eslint]
src/dataProvider.js
Syntax error: Identifier 'url' has already been declared. (28:14) (28:14)
WARNING in ./node_modules/.pnpm/dompurify@3.4.1/node_modules/dompurify/dist/purify.es.mjs
Module Warning (from ./node_modules/.pnpm/source-map-loader@3.0.2_webpack@5.106.2/node_modules/source-map-loader/dist/cjs.js):
Failed to parse source map from '/app/node_modules/.pnpm/dompurify@3.4.1/node_modules/dompurify/src/attrs.ts' file: Error: ENOENT: no such file or directory, open '/app/node_modules/.pnpm/dompurify@3.4.1/node_modules/dompurify/src/attrs.ts'

WARNING in ./node_modules/.pnpm/dompurify@3.4.1/node_modules/dompurify/dist/purify.es.mjs
Module Warning (from ./node_modules/.pnpm/source-map-loader@3.0.2_webpack@5.106.2/node_modules/source-map-loader/dist/cjs.js):
Failed to parse source map from '/app/node_modules/.pnpm/dompurify@3.4.1/node_modules/dompurify/src/purify.ts' file: Error: ENOENT: no such file or directory, open '/app/node_modules/.pnpm/dompurify@3.4.1/node_modules/dompurify/src/purify.ts'

WARNING in ./node_modules/.pnpm/dompurify@3.4.1/node_modules/dompurify/dist/purify.es.mjs
Module Warning (from ./node_modules/.pnpm/source-map-loader@3.0.2_webpack@5.106.2/node_modules/source-map-loader/dist/cjs.js):
Failed to parse source map from '/app/node_modules/.pnpm/dompurify@3.4.1/node_modules/dompurify/src/regexp.ts' file: Error: ENOENT: no such file or directory, open '/app/node_modules/.pnpm/dompurify@3.4.1/node_modules/dompurify/src/regexp.ts'

WARNING in ./node_modules/.pnpm/dompurify@3.4.1/node_modules/dompurify/dist/purify.es.mjs
Module Warning (from ./node_modules/.pnpm/source-map-loader@3.0.2_webpack@5.106.2/node_modules/source-map-loader/dist/cjs.js):
Failed to parse source map from '/app/node_modules/.pnpm/dompurify@3.4.1/node_modules/dompurify/src/tags.ts' file: Error: ENOENT: no such file or directory, open '/app/node_modules/.pnpm/dompurify@3.4.1/node_modules/dompurify/src/tags.ts'

WARNING in ./node_modules/.pnpm/dompurify@3.4.1/node_modules/dompurify/dist/purify.es.mjs
Module Warning (from ./node_modules/.pnpm/source-map-loader@3.0.2_webpack@5.106.2/node_modules/source-map-loader/dist/cjs.js):
Failed to parse source map from '/app/node_modules/.pnpm/dompurify@3.4.1/node_modules/dompurify/src/utils.ts' file: Error: ENOENT: no such file or directory, open '/app/node_modules/.pnpm/dompurify@3.4.1/node_modules/dompurify/src/utils.ts'

ERROR in ./src/dataProvider.js
Module build failed (from ./node_modules/.pnpm/babel-loader@8.4.1_@babel+core@7.29.0_webpack@5.106.2/node_modules/babel-loader/lib/index.js):
SyntaxError: /app/src/dataProvider.js: Identifier 'url' has already been declared. (28:14)

  26 |         };
  27 |         const url = `${getResourceUrl(resource)}?${queryString.stringify(query)}`;
> 28 |         const url = `${getResourceUrl(resource)}?${queryString.stringify(query)}`;
     |               ^
  29 |         const url = `${getResourceUrl(resource)}?${queryString.stringify(query)}`;
  30 |
  31 |         return httpClient(url).then(({ headers, json }) => {
    at constructor (/app/node_modules/.pnpm/@babel+parser@7.29.2/node_modules/@babel/parser/lib/index.js:365:19)
    at FlowParserMixin.raise (/app/node_modules/.pnpm/@babel+parser@7.29.2/node_modules/@babel/parser/lib/index.js:6599:19)
    at FlowScopeHandler.checkRedeclarationInScope (/app/node_modules/.pnpm/@babel+parser@7.29.2/node_modules/@babel/parser/lib/index.js:1619:19)
    at FlowScopeHandler.declareName (/app/node_modules/.pnpm/@babel+parser@7.29.2/node_modules/@babel/parser/lib/index.js:1585:12)
    at FlowScopeHandler.declareName (/app/node_modules/.pnpm/@babel+parser@7.29.2/node_modules/@babel/parser/lib/index.js:1686:11)
    at FlowParserMixin.declareNameFromIdentifier (/app/node_modules/.pnpm/@babel+parser@7.29.2/node_modules/@babel/parser/lib/index.js:7567:16)
    at FlowParserMixin.checkIdentifier (/app/node_modules/.pnpm/@babel+parser@7.29.2/node_modules/@babel/parser/lib/index.js:7563:12)
    at FlowParserMixin.checkLVal (/app/node_modules/.pnpm/@babel+parser@7.29.2/node_modules/@babel/parser/lib/index.js:7500:12)
    at FlowParserMixin.parseVarId (/app/node_modules/.pnpm/@babel+parser@7.29.2/node_modules/@babel/parser/lib/index.js:13412:10)
    at FlowParserMixin.parseVarId (/app/node_modules/.pnpm/@babel+parser@7.29.2/node_modules/@babel/parser/lib/index.js:3474:11)
    at FlowParserMixin.parseVar (/app/node_modules/.pnpm/@babel+parser@7.29.2/node_modules/@babel/parser/lib/index.js:13383:12)
    at FlowParserMixin.parseVarStatement (/app/node_modules/.pnpm/@babel+parser@7.29.2/node_modules/@babel/parser/lib/index.js:13230:10)
    at FlowParserMixin.parseStatementContent (/app/node_modules/.pnpm/@babel+parser@7.29.2/node_modules/@babel/parser/lib/index.js:12851:23)
    at FlowParserMixin.parseStatementLike (/app/node_modules/.pnpm/@babel+parser@7.29.2/node_modules/@babel/parser/lib/index.js:12767:17)
    at FlowParserMixin.parseStatementLike (/app/node_modules/.pnpm/@babel+parser@7.29.2/node_modules/@babel/parser/lib/index.js:2918:24)
    at FlowParserMixin.parseStatementListItem (/app/node_modules/.pnpm/@babel+parser@7.29.2/node_modules/@babel/parser/lib/index.js:12747:17)
    at FlowParserMixin.parseBlockOrModuleBlockBody (/app/node_modules/.pnpm/@babel+parser@7.29.2/node_modules/@babel/parser/lib/index.js:13316:61)
    at FlowParserMixin.parseBlockBody (/app/node_modules/.pnpm/@babel+parser@7.29.2/node_modules/@babel/parser/lib/index.js:13309:10)
    at FlowParserMixin.parseBlock (/app/node_modules/.pnpm/@babel+parser@7.29.2/node_modules/@babel/parser/lib/index.js:13297:10)
    at FlowParserMixin.parseFunctionBody (/app/node_modules/.pnpm/@babel+parser@7.29.2/node_modules/@babel/parser/lib/index.js:12100:24)
    at /app/node_modules/.pnpm/@babel+parser@7.29.2/node_modules/@babel/parser/lib/index.js:2892:63
    at FlowParserMixin.forwardNoArrowParamsConversionAt (/app/node_modules/.pnpm/@babel+parser@7.29.2/node_modules/@babel/parser/lib/index.js:3068:16)
    at FlowParserMixin.parseFunctionBody (/app/node_modules/.pnpm/@babel+parser@7.29.2/node_modules/@babel/parser/lib/index.js:2892:12)
    at FlowParserMixin.parseArrowExpression (/app/node_modules/.pnpm/@babel+parser@7.29.2/node_modules/@babel/parser/lib/index.js:12075:10)
    at FlowParserMixin.parseParenAndDistinguishExpression (/app/node_modules/.pnpm/@babel+parser@7.29.2/node_modules/@babel/parser/lib/index.js:11687:12)
    at FlowParserMixin.parseParenAndDistinguishExpression (/app/node_modules/.pnpm/@babel+parser@7.29.2/node_modules/@babel/parser/lib/index.js:3591:18)
    at FlowParserMixin.parseExprAtom (/app/node_modules/.pnpm/@babel+parser@7.29.2/node_modules/@babel/parser/lib/index.js:11331:23)
    at FlowParserMixin.parseExprAtom (/app/node_modules/.pnpm/@babel+parser@7.29.2/node_modules/@babel/parser/lib/index.js:4764:20)
    at FlowParserMixin.parseExprSubscripts (/app/node_modules/.pnpm/@babel+parser@7.29.2/node_modules/@babel/parser/lib/index.js:11081:23)
    at FlowParserMixin.parseUpdate (/app/node_modules/.pnpm/@babel+parser@7.29.2/node_modules/@babel/parser/lib/index.js:11066:21)
    at FlowParserMixin.parseMaybeUnary (/app/node_modules/.pnpm/@babel+parser@7.29.2/node_modules/@babel/parser/lib/index.js:11046:23)
    at FlowParserMixin.parseMaybeUnaryOrPrivate (/app/node_modules/.pnpm/@babel+parser@7.29.2/node_modules/@babel/parser/lib/index.js:10899:61)
    at FlowParserMixin.parseExprOps (/app/node_modules/.pnpm/@babel+parser@7.29.2/node_modules/@babel/parser/lib/index.js:10904:23)
    at FlowParserMixin.parseMaybeConditional (/app/node_modules/.pnpm/@babel+parser@7.29.2/node_modules/@babel/parser/lib/index.js:10881:23)
    at FlowParserMixin.parseMaybeAssign (/app/node_modules/.pnpm/@babel+parser@7.29.2/node_modules/@babel/parser/lib/index.js:10831:21)
    at FlowParserMixin.parseMaybeAssign (/app/node_modules/.pnpm/@babel+parser@7.29.2/node_modules/@babel/parser/lib/index.js:3549:18)
    at /app/node_modules/.pnpm/@babel+parser@7.29.2/node_modules/@babel/parser/lib/index.js:10800:39
    at FlowParserMixin.allowInAnd (/app/node_modules/.pnpm/@babel+parser@7.29.2/node_modules/@babel/parser/lib/index.js:12426:12)
    at FlowParserMixin.parseMaybeAssignAllowIn (/app/node_modules/.pnpm/@babel+parser@7.29.2/node_modules/@babel/parser/lib/index.js:10800:17)
    at FlowParserMixin.parseMaybeAssignAllowInOrVoidPattern (/app/node_modules/.pnpm/@babel+parser@7.29.2/node_modules/@babel/parser/lib/index.js:12493:17)
    at FlowParserMixin.parseObjectProperty (/app/node_modules/.pnpm/@babel+parser@7.29.2/node_modules/@babel/parser/lib/index.js:11950:83)
    at FlowParserMixin.parseObjPropValue (/app/node_modules/.pnpm/@babel+parser@7.29.2/node_modules/@babel/parser/lib/index.js:11978:100)
    at FlowParserMixin.parseObjPropValue (/app/node_modules/.pnpm/@babel+parser@7.29.2/node_modules/@babel/parser/lib/index.js:3339:26)
    at FlowParserMixin.parsePropertyDefinition (/app/node_modules/.pnpm/@babel+parser@7.29.2/node_modules/@babel/parser/lib/index.js:11915:17)
    at FlowParserMixin.parseObjectLike (/app/node_modules/.pnpm/@babel+parser@7.29.2/node_modules/@babel/parser/lib/index.js:11832:21)
    at FlowParserMixin.parseExprAtom (/app/node_modules/.pnpm/@babel+parser@7.29.2/node_modules/@babel/parser/lib/index.js:11339:23)
    at FlowParserMixin.parseExprAtom (/app/node_modules/.pnpm/@babel+parser@7.29.2/node_modules/@babel/parser/lib/index.js:4764:20)
    at FlowParserMixin.parseExprSubscripts (/app/node_modules/.pnpm/@babel+parser@7.29.2/node_modules/@babel/parser/lib/index.js:11081:23)
    at FlowParserMixin.parseUpdate (/app/node_modules/.pnpm/@babel+parser@7.29.2/node_modules/@babel/parser/lib/index.js:11066:21)
    at FlowParserMixin.parseMaybeUnary (/app/node_modules/.pnpm/@babel+parser@7.29.2/node_modules/@babel/parser/lib/index.js:11046:23)

ERROR in [eslint]
src/dataProvider.js
  Line 28:14:  Parsing error: Identifier 'url' has already been declared. (28:14)

webpack compiled with 2 errors and 5 warnings
Compiling...
Failed to compile.

Attempted import error: 'stringify' is not exported from 'query-string' (imported as 'stringify').
WARNING in ./node_modules/.pnpm/dompurify@3.4.1/node_modules/dompurify/dist/purify.es.mjs
Module Warning (from ./node_modules/.pnpm/source-map-loader@3.0.2_webpack@5.106.2/node_modules/source-map-loader/dist/cjs.js):
Failed to parse source map from '/app/node_modules/.pnpm/dompurify@3.4.1/node_modules/dompurify/src/attrs.ts' file: Error: ENOENT: no such file or directory, open '/app/node_modules/.pnpm/dompurify@3.4.1/node_modules/dompurify/src/attrs.ts'

WARNING in ./node_modules/.pnpm/dompurify@3.4.1/node_modules/dompurify/dist/purify.es.mjs
Module Warning (from ./node_modules/.pnpm/source-map-loader@3.0.2_webpack@5.106.2/node_modules/source-map-loader/dist/cjs.js):
Failed to parse source map from '/app/node_modules/.pnpm/dompurify@3.4.1/node_modules/dompurify/src/purify.ts' file: Error: ENOENT: no such file or directory, open '/app/node_modules/.pnpm/dompurify@3.4.1/node_modules/dompurify/src/purify.ts'

WARNING in ./node_modules/.pnpm/dompurify@3.4.1/node_modules/dompurify/dist/purify.es.mjs
Module Warning (from ./node_modules/.pnpm/source-map-loader@3.0.2_webpack@5.106.2/node_modules/source-map-loader/dist/cjs.js):
Failed to parse source map from '/app/node_modules/.pnpm/dompurify@3.4.1/node_modules/dompurify/src/regexp.ts' file: Error: ENOENT: no such file or directory, open '/app/node_modules/.pnpm/dompurify@3.4.1/node_modules/dompurify/src/regexp.ts'

WARNING in ./node_modules/.pnpm/dompurify@3.4.1/node_modules/dompurify/dist/purify.es.mjs
Module Warning (from ./node_modules/.pnpm/source-map-loader@3.0.2_webpack@5.106.2/node_modules/source-map-loader/dist/cjs.js):
Failed to parse source map from '/app/node_modules/.pnpm/dompurify@3.4.1/node_modules/dompurify/src/tags.ts' file: Error: ENOENT: no such file or directory, open '/app/node_modules/.pnpm/dompurify@3.4.1/node_modules/dompurify/src/tags.ts'

WARNING in ./node_modules/.pnpm/dompurify@3.4.1/node_modules/dompurify/dist/purify.es.mjs
Module Warning (from ./node_modules/.pnpm/source-map-loader@3.0.2_webpack@5.106.2/node_modules/source-map-loader/dist/cjs.js):
Failed to parse source map from '/app/node_modules/.pnpm/dompurify@3.4.1/node_modules/dompurify/src/utils.ts' file: Error: ENOENT: no such file or directory, open '/app/node_modules/.pnpm/dompurify@3.4.1/node_modules/dompurify/src/utils.ts'

ERROR in ./src/dataProvider.js 33:47-56
export 'stringify' (imported as 'stringify') was not found in 'query-string' (possible exports: default)

ERROR in ./src/dataProvider.js 63:47-56
export 'stringify' (imported as 'stringify') was not found in 'query-string' (possible exports: default)

ERROR in ./src/dataProvider.js 90:47-56
export 'stringify' (imported as 'stringify') was not found in 'query-string' (possible exports: default)

ERROR in ./src/dataProvider.js 145:53-62
export 'stringify' (imported as 'stringify') was not found in 'query-string' (possible exports: default)

webpack compiled with 4 errors and 5 warnings
